<?xml version="1.0" encoding="UTF-8"?>
<testng-results skipped="0" failed="0" ignored="0" total="2" passed="2">
  <reporter-output>
  </reporter-output>
  <suite name="Default suite" duration-ms="38778" started-at="2019-08-10T11:15:29Z" finished-at="2019-08-10T11:16:08Z">
    <groups>
      <group name="cucumber">
        <method signature="AbstractTestNGCucumberTests.runScenario(cucumber.api.testng.PickleEventWrapper, cucumber.api.testng.CucumberFeatureWrapper)[pri:0, instance:com.leafBot.testcases.RunCreateLead@210366b4]" name="runScenario" class="cucumber.api.testng.AbstractTestNGCucumberTests"/>
      </group> <!-- cucumber -->
    </groups>
    <test name="Default test" duration-ms="38778" started-at="2019-08-10T11:15:29Z" finished-at="2019-08-10T11:16:08Z">
      <class name="com.leafBot.testcases.RunCreateLead">
        <test-method status="PASS" signature="startReport()[pri:0, instance:com.leafBot.testcases.RunCreateLead@210366b4]" name="startReport" is-config="true" duration-ms="330" started-at="2019-08-10T11:15:29Z" finished-at="2019-08-10T11:15:29Z">
          <reporter-output>
          </reporter-output>
        </test-method> <!-- startReport -->
        <test-method status="PASS" signature="Name()[pri:0, instance:com.leafBot.testcases.RunCreateLead@210366b4]" name="Name" is-config="true" duration-ms="0" started-at="2019-08-10T11:15:29Z" finished-at="2019-08-10T11:15:29Z">
          <reporter-output>
          </reporter-output>
        </test-method> <!-- Name -->
        <test-method status="PASS" signature="setUpClass()[pri:0, instance:com.leafBot.testcases.RunCreateLead@210366b4]" name="setUpClass" is-config="true" duration-ms="244" started-at="2019-08-10T11:15:29Z" finished-at="2019-08-10T11:15:30Z">
          <reporter-output>
          </reporter-output>
        </test-method> <!-- setUpClass -->
        <test-method status="PASS" signature="report()[pri:0, instance:com.leafBot.testcases.RunCreateLead@210366b4]" name="report" is-config="true" duration-ms="13" started-at="2019-08-10T11:15:30Z" finished-at="2019-08-10T11:15:30Z">
          <reporter-output>
          </reporter-output>
        </test-method> <!-- report -->
        <test-method status="PASS" signature="beforeMethod()[pri:0, instance:com.leafBot.testcases.RunCreateLead@210366b4]" name="beforeMethod" is-config="true" duration-ms="16412" started-at="2019-08-10T11:15:31Z" finished-at="2019-08-10T11:15:47Z">
          <reporter-output>
          </reporter-output>
        </test-method> <!-- beforeMethod -->
        <test-method status="PASS" signature="createLeadTestCase(java.lang.String, java.lang.String)[pri:0, instance:com.leafBot.testcases.RunCreateLead@210366b4]" name="createLeadTestCase" duration-ms="5257" started-at="2019-08-10T11:15:47Z" data-provider="fetchData" finished-at="2019-08-10T11:15:53Z">
          <params>
            <param index="0">
              <value>
                <![CDATA[DemoSalesManager]]>
              </value>
            </param>
            <param index="1">
              <value>
                <![CDATA[crmsfa]]>
              </value>
            </param>
          </params>
          <reporter-output>
          </reporter-output>
        </test-method> <!-- createLeadTestCase -->
        <test-method status="PASS" signature="afterMethod()[pri:0, instance:com.leafBot.testcases.RunCreateLead@210366b4]" name="afterMethod" is-config="true" duration-ms="2373" started-at="2019-08-10T11:15:53Z" finished-at="2019-08-10T11:15:55Z">
          <reporter-output>
          </reporter-output>
        </test-method> <!-- afterMethod -->
        <test-method status="PASS" signature="beforeMethod()[pri:0, instance:com.leafBot.testcases.RunCreateLead@210366b4]" name="beforeMethod" is-config="true" duration-ms="9962" started-at="2019-08-10T11:15:55Z" finished-at="2019-08-10T11:16:05Z">
          <reporter-output>
          </reporter-output>
        </test-method> <!-- beforeMethod -->
        <test-method status="PASS" signature="createLeadTestCase(java.lang.String, java.lang.String)[pri:0, instance:com.leafBot.testcases.RunCreateLead@210366b4]" name="createLeadTestCase" duration-ms="2931" started-at="2019-08-10T11:16:05Z" data-provider="fetchData" finished-at="2019-08-10T11:16:08Z">
          <params>
            <param index="0">
              <value>
                <![CDATA[DemoCSR]]>
              </value>
            </param>
            <param index="1">
              <value>
                <![CDATA[crmsfa]]>
              </value>
            </param>
          </params>
          <reporter-output>
          </reporter-output>
        </test-method> <!-- createLeadTestCase -->
        <test-method status="PASS" signature="afterMethod()[pri:0, instance:com.leafBot.testcases.RunCreateLead@210366b4]" name="afterMethod" is-config="true" duration-ms="236" started-at="2019-08-10T11:16:08Z" finished-at="2019-08-10T11:16:08Z">
          <reporter-output>
          </reporter-output>
        </test-method> <!-- afterMethod -->
        <test-method status="PASS" signature="tearDownClass()[pri:0, instance:com.leafBot.testcases.RunCreateLead@210366b4]" name="tearDownClass" is-config="true" duration-ms="40" started-at="2019-08-10T11:16:08Z" finished-at="2019-08-10T11:16:08Z">
          <reporter-output>
          </reporter-output>
        </test-method> <!-- tearDownClass -->
        <test-method status="PASS" signature="stopReport()[pri:0, instance:com.leafBot.testcases.RunCreateLead@210366b4]" name="stopReport" is-config="true" duration-ms="612" started-at="2019-08-10T11:16:08Z" finished-at="2019-08-10T11:16:09Z">
          <reporter-output>
          </reporter-output>
        </test-method> <!-- stopReport -->
      </class> <!-- com.leafBot.testcases.RunCreateLead -->
    </test> <!-- Default test -->
  </suite> <!-- Default suite -->
</testng-results>
